<?xml version="1.0" encoding="UTF-8"?>
<testng-results skipped="0" failed="0" ignored="0" total="1" passed="1">
  <reporter-output>
  </reporter-output>
  <suite name="Default suite" duration-ms="33474" started-at="2018-05-09T05:55:43Z" finished-at="2018-05-09T05:56:16Z">
    <groups>
    </groups>
    <test name="Default test" duration-ms="33474" started-at="2018-05-09T05:55:43Z" finished-at="2018-05-09T05:56:16Z">
      <class name="base.ATT">
        <test-method status="PASS" signature="beforeTest()[pri:0, instance:base.ATT@396a51ab]" name="beforeTest" is-config="true" duration-ms="3121" started-at="2018-05-08T22:55:43Z" finished-at="2018-05-08T22:55:46Z">
          <reporter-output>
          </reporter-output>
        </test-method> <!-- beforeTest -->
        <test-method status="PASS" signature="f()[pri:0, instance:base.ATT@396a51ab]" name="f" duration-ms="30331" started-at="2018-05-08T22:55:46Z" finished-at="2018-05-08T22:56:16Z">
          <reporter-output>
          </reporter-output>
        </test-method> <!-- f -->
        <test-method status="PASS" signature="afterTest()[pri:0, instance:base.ATT@396a51ab]" name="afterTest" is-config="true" duration-ms="0" started-at="2018-05-08T22:56:16Z" finished-at="2018-05-08T22:56:16Z">
          <reporter-output>
          </reporter-output>
        </test-method> <!-- afterTest -->
      </class> <!-- base.ATT -->
    </test> <!-- Default test -->
  </suite> <!-- Default suite -->
</testng-results>
