<?xml version="1.0" encoding="UTF-8"?>
<!-- Generated by org.testng.reporters.JUnitXMLReporter -->
<testsuite hostname="yawens-mbp.lan" ignored="0" name="Application Test 2" tests="2" failures="1" timestamp="05 Apr 2018 20:12:46 GMT" time="0.008" errors="0">
  <testcase name="testMethod1" time="0.001" classname="test.TestNG_ListenersTest2"/>
  <testcase name="testMethod2" time="0.001" classname="test.TestNG_ListenersTest2">
    <failure type="java.lang.AssertionError" message="expected [true] but found [false]">
      <![CDATA[java.lang.AssertionError: expected [true] but found [false]
	at test.TestNG_ListenersTest2.testMethod2(TestNG_ListenersTest2.java:36)
... Removed 29 stack frames]]>
    </failure>
  </testcase> <!-- testMethod2 -->
</testsuite> <!-- Application Test 2 -->
